[debug] [2026-06-05T14:29:07.089Z] ----------------------------------------------------------------------
[debug] [2026-06-05T14:29:07.095Z] Command:       C:\Program Files\nodejs\node.exe C:\Users\DragonArena 08\AppData\Roaming\npm\node_modules\firebase-tools\lib\bin\firebase.js projects:list
[debug] [2026-06-05T14:29:07.095Z] CLI Version:   14.18.0
[debug] [2026-06-05T14:29:07.096Z] Platform:      win32
[debug] [2026-06-05T14:29:07.096Z] Node Version:  v24.11.1
[debug] [2026-06-05T14:29:07.096Z] Time:          Fri Jun 05 2026 11:29:07 GMT-0300 (Horário Padrão de Brasília)
[debug] [2026-06-05T14:29:07.096Z] ----------------------------------------------------------------------
[debug] 
[debug] [2026-06-05T14:29:07.099Z] >>> [apiv2][query] GET https://firebase-public.firebaseio.com/cli.json [none]
[debug] [2026-06-05T14:29:07.587Z] > command requires scopes: ["email","openid","https://www.googleapis.com/auth/cloudplatformprojects.readonly","https://www.googleapis.com/auth/firebase","https://www.googleapis.com/auth/cloud-platform"]
[debug] [2026-06-05T14:29:07.587Z] > authorizing via signed-in user (valmyrtavares71@gmail.com)
[debug] [2026-06-05T14:29:07.592Z] Checked if tokens are valid: false, expires at: 1759783809538
[debug] [2026-06-05T14:29:07.593Z] Checked if tokens are valid: false, expires at: 1759783809538
[debug] [2026-06-05T14:29:07.593Z] > refreshing access token with scopes: []
[debug] [2026-06-05T14:29:07.613Z] >>> [apiv2][query] POST https://www.googleapis.com/oauth2/v3/token [none]
[debug] [2026-06-05T14:29:07.613Z] >>> [apiv2][body] POST https://www.googleapis.com/oauth2/v3/token [omitted]
[debug] [2026-06-05T14:29:07.895Z] <<< [apiv2][status] POST https://www.googleapis.com/oauth2/v3/token 400
[debug] [2026-06-05T14:29:07.896Z] <<< [apiv2][body] POST https://www.googleapis.com/oauth2/v3/token [omitted]
[debug] [2026-06-05T14:29:07.896Z] >>> [apiv2][query] GET https://firebase.googleapis.com/v1beta1/projects pageSize=1000
[debug] [2026-06-05T14:29:07.995Z] <<< [apiv2][status] GET https://firebase-public.firebaseio.com/cli.json 200
[debug] [2026-06-05T14:29:07.995Z] <<< [apiv2][body] GET https://firebase-public.firebaseio.com/cli.json {"cloudBuildErrorAfter":1594252800000,"cloudBuildWarnAfter":1590019200000,"defaultNode10After":1594252800000,"minVersion":"3.0.5","node8DeploysDisabledAfter":1613390400000,"node8RuntimeDisabledAfter":1615809600000,"node8WarnAfter":1600128000000}
[debug] [2026-06-05T14:29:08.057Z] <<< [apiv2][status] GET https://firebase.googleapis.com/v1beta1/projects 401
[debug] [2026-06-05T14:29:08.058Z] <<< [apiv2][body] GET https://firebase.googleapis.com/v1beta1/projects [omitted]
[debug] [2026-06-05T14:29:08.058Z] Got a 401 Unauthenticated error for a call that required authentication. Refreshing tokens.
[debug] [2026-06-05T14:29:08.058Z] Checked if tokens are valid: false, expires at: 1759783809538
[debug] [2026-06-05T14:29:08.058Z] Checked if tokens are valid: false, expires at: 1759783809538
[debug] [2026-06-05T14:29:08.058Z] > refreshing access token with scopes: []
[debug] [2026-06-05T14:29:08.059Z] >>> [apiv2][query] POST https://www.googleapis.com/oauth2/v3/token [none]
[debug] [2026-06-05T14:29:08.059Z] >>> [apiv2][body] POST https://www.googleapis.com/oauth2/v3/token [omitted]
[debug] [2026-06-05T14:29:08.128Z] <<< [apiv2][status] POST https://www.googleapis.com/oauth2/v3/token 400
[debug] [2026-06-05T14:29:08.128Z] <<< [apiv2][body] POST https://www.googleapis.com/oauth2/v3/token [omitted]
[debug] [2026-06-05T14:29:08.129Z] Request to https://firebase.googleapis.com/v1beta1/projects?pageSize=1000 had HTTP Error: 401, Request had invalid authentication credentials. Expected OAuth 2 access token, login cookie or other valid authentication credential. See https://developers.google.com/identity/sign-in/web/devconsole-project.
[debug] [2026-06-05T14:29:08.266Z] FirebaseError: Request to https://firebase.googleapis.com/v1beta1/projects?pageSize=1000 had HTTP Error: 401, Request had invalid authentication credentials. Expected OAuth 2 access token, login cookie or other valid authentication credential. See https://developers.google.com/identity/sign-in/web/devconsole-project.
    at responseToError (C:\Users\DragonArena 08\AppData\Roaming\npm\node_modules\firebase-tools\lib\responseToError.js:52:12)
    at RetryOperation._fn (C:\Users\DragonArena 08\AppData\Roaming\npm\node_modules\firebase-tools\lib\apiv2.js:312:77)
    at process.processTicksAndRejections (node:internal/process/task_queues:103:5)
